172
2 457 4 
2 250 91 
2 183 99 
2 133 258 
2 73 383 
2 62 321 
2 404 425 
2 130 70 
2 9 408 
2 103 61 
2 406 121 
2 391 395 
2 476 208 
2 306 440 
2 311 106 
2 173 147 
2 441 348 
2 194 150 
2 411 463 
2 40 462 
2 16 460 
2 416 453 
2 277 366 
2 495 323 
2 17 83 
2 360 485 
2 35 363 
2 436 196 
2 267 307 
2 345 120 
2 190 142 
2 335 332 
2 432 85 
2 389 205 
2 92 330 
2 484 346 
2 257 409 
2 127 446 
2 385 42 
2 245 162 
2 479 261 
2 361 108 
2 242 464 
2 31 423 
2 79 218 
2 473 90 
2 192 300 
2 114 382 
2 255 454 
2 280 52 
2 264 36 
2 96 46 
2 344 38 
2 185 47 
2 320 165 
2 20 22 
2 439 107 
2 434 316 
2 215 224 
2 418 410 
2 137 148 
2 353 347 
2 154 55 
2 252 442 
2 302 164 
3 456 468 156 
3 77 232 318 
3 329 369 237 
3 492 226 180 
3 370 355 177 
3 166 104 230 
3 356 170 384 
3 281 117 144 
3 291 296 402 
3 158 350 295 
3 66 229 481 
3 292 74 101 
3 43 437 132 
3 336 28 228 
3 0 188 251 
3 217 322 80 
3 67 399 30 
3 445 305 286 
3 270 266 201 
3 426 371 39 
3 358 115 24 
3 197 417 271 
3 471 403 204 
3 405 160 293 
3 478 88 191 
3 110 163 461 
3 449 452 44 
3 349 337 181 
3 493 179 379 
3 111 328 124 
3 482 219 159 
3 155 487 222 
3 401 315 262 
3 60 282 373 
3 244 45 317 
3 310 340 387 
3 275 72 301 
3 342 145 420 
3 152 455 168 
3 367 25 27 
3 235 193 393 
3 212 444 313 
3 378 294 289 
3 288 341 63 
3 364 490 78 
3 198 93 339 
3 135 287 284 
3 214 189 279 
3 326 49 253 
3 469 18 174 
3 33 498 372 
3 153 206 438 
3 211 167 8 
3 290 415 334 
3 407 184 435 
3 146 304 388 
3 309 333 86 
3 119 141 424 
3 51 50 118 
3 23 265 496 
4 171 169 392 488 
4 400 362 331 413 
4 6 273 375 149 
4 256 129 227 125 
4 134 186 11 308 
4 216 71 466 48 
4 376 303 213 102 
4 298 97 283 269 
4 365 123 221 324 
4 131 381 263 259 
4 1 32 57 359 
4 15 338 480 234 
4 199 82 254 69 
4 486 483 447 428 
4 187 87 285 225 
4 34 182 260 2 
4 319 143 314 467 
4 239 223 5 268 
4 112 357 499 327 
4 443 249 151 312 
4 396 14 161 210 
4 64 489 354 65 
4 233 451 19 175 
4 386 105 475 412 
4 241 3 465 200 
4 89 240 122 138 
4 394 68 94 351 
4 398 53 139 13 
4 56 472 246 95 
4 459 352 248 178 
4 272 136 374 414 
4 276 450 448 397 
4 113 470 458 247 
4 220 325 474 422 
4 12 100 231 75 
4 203 37 116 157 
4 10 421 126 419 
4 98 209 297 128 
4 207 176 368 7 
4 26 278 390 433 
4 274 494 195 202 
4 427 429 477 497 
4 84 299 81 343 
4 140 76 21 109 
4 380 54 59 29 
4 431 430 41 491 
4 172 238 243 377 
