1628
2 8890 6421 
2 1239 6291 
2 9693 5312 
2 8545 7869 
2 5808 4784 
2 5533 5193 
2 1119 6020 
2 2458 6472 
2 6254 5398 
2 3340 7071 
2 9258 4042 
2 3682 6202 
2 9384 7703 
2 6471 8907 
2 8852 9124 
2 7471 371 
2 2277 8633 
2 6902 2897 
2 3438 6798 
2 5496 2004 
2 8943 4204 
2 3016 1979 
2 2921 5744 
2 3528 8095 
2 2287 3402 
2 6553 6394 
2 2850 1308 
2 1059 994 
2 9357 2136 
2 5508 2137 
2 9614 471 
2 2062 156 
2 3495 1370 
2 3307 353 
2 7338 1348 
2 8527 6608 
2 6678 7587 
2 6426 8480 
2 601 3420 
2 2617 3791 
2 1842 7346 
2 4976 3237 
2 7638 5316 
2 3521 2393 
2 2080 7205 
2 4745 4380 
2 961 7299 
2 7719 3886 
2 7252 1933 
2 7990 832 
2 1130 7337 
2 4511 7019 
2 7720 654 
2 6251 1839 
2 5718 2950 
2 387 5268 
2 3134 9196 
2 6238 708 
2 5264 9158 
2 6815 5713 
2 9745 9269 
2 7866 2603 
2 1984 8966 
2 1627 8423 
2 903 8825 
2 405 151 
2 7870 8141 
2 1311 6804 
2 1733 3022 
2 4489 467 
2 7125 223 
2 8882 3107 
2 6141 4273 
2 5777 685 
2 5999 9590 
2 4441 6520 
2 1283 6053 
2 5237 4516 
2 975 663 
2 3442 2189 
2 4794 5222 
2 6935 9526 
2 3244 5034 
2 7679 1491 
2 4 1702 
2 8849 6149 
2 4921 3427 
2 115 6241 
2 4094 7884 
2 6119 6285 
2 7261 4916 
2 6611 5262 
2 2634 2791 
2 5174 61 
2 9545 3480 
2 7129 3046 
2 996 1461 
2 1376 1117 
2 6462 5169 
2 898 1897 
2 79 3363 
2 145 3800 
2 1821 5319 
2 9368 5720 
2 461 9065 
2 4778 7176 
2 6038 308 
2 3605 2500 
2 7184 8820 
2 2986 5199 
2 1280 9637 
2 2224 5988 
2 7280 4714 
2 9780 8676 
2 5062 2354 
2 9046 9655 
2 3082 2241 
2 8483 3930 
2 6150 5481 
2 8346 2926 
2 5995 4316 
2 2047 9261 
2 7186 2614 
2 215 9805 
2 2939 3343 
2 1205 8740 
2 759 4610 
2 2195 7193 
2 7011 6753 
2 7973 2396 
2 2651 9797 
2 7934 3589 
2 6310 4523 
2 9168 424 
2 2343 102 
2 5014 6178 
2 4640 9670 
2 7437 5401 
2 2081 8212 
2 7904 8562 
2 3284 5209 
2 9528 1508 
2 1035 2956 
2 2111 7742 
2 8786 3366 
2 9809 6089 
2 2876 3752 
2 5313 5778 
2 496 5812 
2 4389 3693 
2 1110 261 
2 3057 2994 
2 3188 6262 
2 7563 2872 
2 630 1794 
2 5378 4865 
2 4881 5747 
2 3887 4782 
2 3797 1310 
2 2383 7739 
2 1054 1451 
2 1973 8129 
2 3652 1567 
2 8243 1441 
2 8708 2955 
2 7449 6573 
2 3474 1132 
2 7232 2329 
2 6754 9107 
2 7439 3578 
2 1149 3248 
2 7828 3283 
2 3303 8794 
2 4355 8964 
2 3445 4261 
2 7158 4194 
2 953 6664 
2 9410 336 
2 6706 4495 
2 5116 4832 
2 2888 2237 
2 7789 8354 
2 2551 128 
2 5785 4058 
2 3978 5625 
2 6762 2814 
2 3940 2761 
2 1658 9767 
2 8156 9568 
2 6469 7847 
2 4716 2078 
2 8518 8925 
2 9349 5381 
2 9860 4549 
2 7564 6357 
2 2070 4849 
2 1362 9963 
2 5370 5435 
2 8593 5941 
2 2012 9330 
2 4374 3012 
2 4629 8193 
2 6423 1786 
2 6588 2416 
2 1713 2456 
2 5829 2036 
2 8360 8665 
2 5124 9575 
2 6390 2787 
2 3197 6371 
2 2161 4324 
2 7513 2748 
2 1489 798 
2 2247 2074 
2 7316 1538 
2 4228 9778 
2 502 476 
2 423 1826 
2 1955 6993 
2 1637 9204 
2 503 1032 
2 8590 2337 
2 1634 2382 
2 6820 1847 
2 4802 3286 
2 6052 5605 
2 3757 3914 
2 6951 8043 
2 3105 6243 
2 5630 4585 
2 9110 2310 
2 2326 9475 
2 4931 8001 
2 3355 5012 
2 1513 4403 
2 968 5079 
2 6529 8460 
2 4738 3949 
2 2686 4905 
2 4785 5065 
2 7139 8270 
2 8915 636 
2 2262 9882 
2 3260 5849 
2 5223 6770 
2 1986 2015 
2 5324 9229 
2 1015 7764 
2 1721 3845 
2 7975 6145 
2 1700 7149 
2 6910 9031 
2 1115 7142 
2 4922 1884 
2 284 45 
2 3048 5347 
2 8623 6311 
2 1381 1214 
2 6315 3531 
2 3194 6050 
2 4808 7369 
2 6543 4137 
2 4262 1318 
2 482 944 
2 7496 9417 
2 491 6503 
2 6041 4274 
2 3562 4321 
2 4633 2601 
2 6466 8951 
2 4741 3277 
2 9956 7031 
2 5350 6055 
2 7445 5241 
2 4114 6305 
2 9508 1133 
2 6703 7296 
2 3841 6807 
2 5932 6655 
2 8206 6668 
2 111 8710 
2 1608 4765 
2 2444 9206 
2 3959 2625 
2 8809 6463 
2 2489 7384 
2 8695 3566 
2 9869 8066 
2 8900 446 
2 4430 856 
2 6991 4687 
2 1113 9095 
2 1182 1068 
2 5430 8435 
2 3163 7324 
2 5902 1161 
2 773 203 
2 113 1833 
2 6181 6844 
2 8481 4855 
2 447 8117 
2 10 3424 
2 8313 1097 
2 6467 5753 
2 9468 2182 
2 5302 6355 
2 8648 3823 
2 204 3950 
2 1482 4492 
2 839 295 
2 6313 7476 
2 1479 6787 
2 8881 5638 
2 2497 4681 
2 1596 8014 
2 9210 6228 
2 5843 3699 
2 1483 9264 
2 4290 9803 
2 6454 8827 
2 2979 2831 
2 641 9460 
2 2268 5628 
2 6433 9344 
2 9516 8722 
2 8298 1497 
2 4339 5477 
2 421 9971 
2 8873 3408 
2 8499 3510 
2 462 2561 
2 6800 7979 
2 8393 3526 
2 5818 7872 
2 9030 2692 
2 6327 9556 
2 8680 9735 
2 7583 2649 
2 7394 1227 
2 679 7857 
2 2258 3840 
2 2735 2067 
2 3654 3253 
2 4883 4527 
2 2696 4253 
2 4872 8177 
2 2464 7534 
2 939 4522 
2 8779 1876 
2 3466 4550 
2 6972 5358 
2 1688 8266 
2 2706 4448 
2 7085 8520 
2 3162 1856 
2 5840 8139 
2 526 85 
2 9749 2760 
2 9572 4596 
2 4648 850 
2 5491 4682 
2 5195 6779 
2 595 2400 
2 5544 1667 
2 2319 9811 
2 5372 7941 
2 6658 7035 
2 8191 3536 
2 1543 3855 
2 9618 3901 
2 1828 3714 
2 2644 4575 
2 7089 1730 
2 618 8112 
2 1577 568 
2 9828 670 
2 397 1509 
2 4089 417 
2 7490 5581 
2 3908 2607 
2 2937 7962 
2 4087 4542 
2 4067 1941 
2 9947 6839 
2 8287 9692 
2 2621 1523 
2 6995 871 
2 2943 6717 
2 9205 2341 
2 8863 5406 
2 7707 1298 
2 5094 3397 
2 8152 890 
2 3214 62 
2 1207 9972 
2 5996 169 
2 9592 1305 
2 9055 4371 
2 1600 8812 
2 1459 1535 
2 1572 3821 
2 745 1860 
2 4894 4444 
2 9593 2486 
2 9517 9899 
2 9791 3896 
2 4131 3827 
2 5951 6882 
2 4875 3919 
2 4813 9611 
2 469 124 
2 6349 9813 
2 9363 320 
2 3753 916 
2 4590 8836 
2 5652 9016 
2 1392 4572 
2 2940 3629 
2 1978 2499 
2 1498 9390 
2 7897 3432 
2 8978 2215 
2 6379 2248 
2 3672 3369 
2 8276 381 
2 5846 6512 
2 6176 2664 
2 5998 7038 
2 8894 3321 
2 4053 617 
2 3790 6047 
2 8070 6111 
2 6962 5935 
2 5758 242 
2 3524 8868 
2 815 9740 
2 9708 8277 
2 5865 8664 
2 2529 1679 
2 9387 9314 
2 493 1789 
2 7542 3313 
2 8332 6733 
2 6555 4638 
2 6481 5798 
2 6617 3155 
2 7352 3398 
2 8300 6519 
2 3262 9288 
2 4139 3006 
2 5330 2594 
2 9786 7668 
2 7791 8670 
2 8459 7219 
2 1156 3802 
2 2925 9734 
2 3444 2799 
2 2334 4689 
2 4477 7817 
2 1024 9403 
2 6343 5118 
2 4020 3769 
2 8810 7284 
2 5449 1430 
2 3377 9334 
2 4254 8904 
2 3249 6325 
2 5042 9875 
2 1853 4731 
2 1748 5669 
2 177 555 
2 5749 2751 
2 4048 823 
2 3126 9634 
2 9910 5120 
2 4852 5285 
2 5742 7548 
2 6861 9420 
2 2870 8532 
2 572 7163 
2 544 2796 
2 1503 1092 
2 8251 9905 
2 5557 6210 
2 5479 2702 
2 472 9975 
2 9624 9842 
2 9633 6579 
2 2028 804 
2 6193 5352 
2 753 3838 
2 7211 7082 
2 4277 8775 
2 3798 633 
2 7161 646 
2 587 6992 
2 4134 285 
2 5355 589 
2 4162 7404 
2 7642 382 
2 9415 214 
2 2011 3804 
2 3691 6094 
2 2340 807 
3 1432 179 4602 
3 2766 8208 7290 
3 2358 6267 196 
3 3902 1473 4041 
3 1071 4732 9250 
3 452 973 3460 
3 7451 6049 9627 
3 3331 1187 9233 
3 4342 8891 7475 
3 2123 5472 3555 
3 6554 8249 3890 
3 7770 9994 3817 
3 6438 484 2890 
3 9706 3257 2562 
3 1060 7522 7590 
3 7585 4298 5505 
3 3687 4972 1046 
3 1502 3458 487 
3 3681 2555 566 
3 1275 6756 9727 
3 2488 5454 485 
3 4386 5836 7929 
3 5759 7090 7355 
3 3961 7259 4911 
3 5371 5013 2425 
3 4303 4539 8587 
3 7198 8914 6998 
3 4258 8930 3924 
3 4229 7096 9569 
3 5056 3492 1242 
3 5161 9685 6797 
3 6930 6461 9998 
3 523 643 9328 
3 3627 4469 7339 
3 3736 1680 4272 
3 922 6808 1127 
3 1121 1962 9964 
3 1587 9887 3857 
3 83 1452 9164 
3 5265 6460 2977 
3 1420 7910 6908 
3 1350 6938 8470 
3 2750 5579 6289 
3 2569 6353 4504 
3 1699 4484 1570 
3 7891 7336 6682 
3 5091 2122 3998 
3 2695 1843 8824 
3 6563 4212 7006 
3 6786 5099 380 
3 8620 2342 4684 
3 1855 1511 4293 
3 3230 7223 791 
3 5604 8349 5084 
3 6375 9318 1257 
3 3129 3306 7435 
3 2575 6631 8992 
3 7225 2371 8273 
3 7004 6422 1168 
3 1102 3255 3389 
3 9163 2884 7730 
3 9952 2677 2096 
3 2883 7898 3328 
3 2960 2140 4426 
3 1817 8363 9470 
3 2118 8798 3459 
3 9037 2043 8997 
3 2404 609 2176 
3 7008 6384 1745 
3 992 7221 9966 
3 6261 4886 4612 
3 5117 5903 1469 
3 4768 6380 6731 
3 3157 7307 5064 
3 5482 5867 9785 
3 768 7409 4512 
3 3089 290 5536 
3 8428 5328 959 
3 8641 8201 202 
3 8197 4772 2767 
3 8484 161 892 
3 6888 1824 7935 
3 5499 7174 3146 
3 8288 8986 2516 
3 9890 1440 2711 
3 574 7345 5207 
3 1639 704 8874 
3 1571 1998 2991 
3 5361 4835 8558 
3 1385 1823 2376 
3 4161 1685 6863 
3 797 9995 9674 
3 4377 8377 4072 
3 1185 9114 6803 
3 739 1255 3891 
3 2463 7647 6123 
3 7377 3956 7545 
3 9048 6408 9914 
3 553 4039 9747 
3 9465 4846 6713 
3 9180 6115 1351 
3 5943 5123 6109 
3 7919 9486 7735 
3 2962 3190 3558 
3 4890 1902 6369 
3 9861 9606 5090 
3 5306 6877 6600 
3 2113 5194 2893 
3 2200 4723 5859 
3 8582 8113 6534 
3 264 2021 5964 
3 5670 2391 6054 
3 6499 3803 2402 
3 901 4711 3626 
3 2973 8286 1106 
3 8000 684 674 
3 2724 705 9653 
3 1618 4091 2167 
3 5383 9697 3200 
3 9793 5114 3964 
3 8599 5692 4748 
3 8130 3910 5712 
3 3943 6142 4829 
3 3698 8445 4457 
3 2321 8696 3091 
3 9659 4503 7281 
3 8525 4510 7156 
3 240 4396 4481 
3 5918 5171 3592 
3 1282 5081 406 
3 7597 2834 2933 
3 9960 6117 8447 
3 5770 3362 9876 
3 8574 8835 1179 
3 453 7282 9149 
3 7375 3686 1279 
3 3505 2563 9543 
3 7690 7678 1631 
3 3713 3635 3642 
3 6726 1143 4673 
3 2175 4688 2487 
3 6644 4690 5585 
3 1307 8928 5926 
3 8205 9933 4064 
3 4841 7546 9036 
3 2694 6363 9082 
3 9443 6248 5779 
3 5238 7995 1374 
3 9800 7983 2385 
3 5158 7341 4842 
3 5196 6441 2345 
3 4861 2953 1844 
3 6970 5826 9615 
3 7629 2857 4301 
3 449 5736 9865 
3 6323 8770 293 
3 926 2208 8245 
3 2221 5856 1300 
3 416 7918 5875 
3 6526 7097 5380 
3 407 952 4819 
3 5527 2970 8185 
3 5384 7713 2443 
3 9651 9244 5516 
3 4800 8408 3532 
3 6757 2718 9922 
3 5492 9466 7926 
3 2217 8522 528 
3 6015 9362 6373 
3 6444 2789 4767 
3 2544 3429 8781 
3 4177 1604 7228 
3 1314 8078 6876 
3 1515 6558 7170 
3 9608 5731 4373 
3 455 5183 6639 
3 5629 165 1738 
3 9510 5382 9348 
3 7494 3650 4150 
3 783 5938 7994 
3 9503 4579 9891 
3 5783 1285 2585 
3 8055 2684 251 
3 5253 9838 8361 
3 7573 6383 8214 
3 4487 6153 39 
3 3796 396 3380 
3 3049 6874 2033 
3 8092 6414 8889 
3 9130 6401 4159 
3 140 5186 6412 
3 8538 727 8426 
3 7323 5310 21 
3 6732 5391 7653 
3 301 7643 6784 
3 7406 7012 8198 
3 5172 9220 5858 
3 2139 3701 2300 
3 1383 2896 9750 
3 2837 6205 3915 
3 7624 3673 5933 
3 9856 4558 459 
3 4657 2853 5699 
3 7172 2723 3860 
3 3518 5400 3781 
3 7114 4656 846 
3 1524 5710 5485 
3 2712 8546 931 
3 4615 2091 8143 
3 866 25 2199 
3 8936 347 4361 
3 8122 5257 8682 
3 6518 3942 8601 
3 7628 1582 8701 
3 9945 8535 9761 
3 7676 1120 7464 
3 730 5830 7786 
3 6898 5939 7845 
3 4359 7527 7248 
3 334 2671 830 
3 884 3822 8743 
3 6387 7665 1771 
3 1228 6113 3152 
3 9094 8348 4727 
3 6871 6306 6557 
3 1909 8993 6942 
3 7304 7065 8089 
3 4393 8763 7222 
3 7530 4635 7057 
3 9178 9496 4864 
3 3979 4202 3143 
3 4186 9579 4927 
3 8842 9234 9366 
3 3125 1663 3631 
3 8529 2428 6206 
3 6857 8226 8706 
3 7466 4065 4680 
3 95 9332 8432 
3 743 7411 1795 
3 7726 2179 7145 
3 7075 2703 9256 
3 4231 1135 8702 
3 9265 9222 2222 
3 7780 7213 8994 
3 444 7715 8189 
3 6449 4437 6335 
3 7350 5994 2188 
3 3396 9175 2981 
3 7102 1416 7683 
3 6003 3630 5142 
3 1335 8791 9656 
3 7305 9361 9908 
3 1256 3917 8421 
3 5480 6096 8956 
3 7558 5041 9472 
3 9677 2659 8049 
3 5593 8338 2299 
3 4154 7390 695 
3 5103 1254 7166 
3 2653 6968 9231 
3 4645 7289 312 
3 3888 3854 4634 
3 3225 6100 1762 
3 7594 5667 9333 
3 3598 9297 5677 
3 6298 5913 2745 
3 1246 5417 8443 
3 1244 5300 6312 
3 1080 1886 6211 
3 2636 7040 9211 
3 6116 1165 5413 
3 9509 6309 3059 
3 5236 8404 9681 
3 5697 9044 4683 
3 2304 710 6796 
3 1053 4036 6661 
3 92 3065 5301 
3 1597 3027 7874 
3 1315 3381 3894 
3 9400 6487 5102 
3 2809 7269 343 
3 431 3881 7784 
3 9566 6361 8832 
3 3958 450 8759 
3 5390 8307 1047 
3 7274 3206 9117 
3 6657 1467 2995 
3 9315 6182 7144 
3 3457 5486 942 
3 4470 2501 6669 
3 5539 906 7083 
3 1749 9112 534 
3 3114 1583 7519 
3 8596 8957 8498 
3 6556 2450 762 
3 7247 6450 2483 
3 6023 925 180 
3 600 835 2099 
3 8075 3674 3072 
3 9712 7267 8926 
3 4252 4458 6618 
3 3116 3081 4235 
3 6937 7263 8741 
3 8932 3478 6076 
3 1240 7712 9961 
3 7293 7204 5807 
3 1343 6887 8526 
3 6723 9339 3259 
3 5291 2056 9559 
3 6637 5132 7611 
3 967 6301 1669 
3 8181 2283 7196 
3 2270 1777 1083 
3 4552 7553 7892 
3 8688 3992 7996 
3 4390 5649 3292 
3 2138 5431 5663 
3 7763 2293 4232 
3 2843 1799 8533 
3 2412 7291 8033 
3 2778 401 1943 
3 5009 4360 5575 
3 9251 8400 3238 
3 2591 2349 8424 
3 329 7743 9926 
3 7584 2938 2638 
3 3993 4845 2980 
3 822 5147 2868 
3 6287 9395 2065 
3 7907 9282 4906 
3 4543 4877 672 
3 9943 3415 6404 
3 8768 2276 7421 
3 1934 5879 5666 
3 2797 4200 2454 
3 456 7084 626 
3 1248 5284 7515 
3 2187 1233 9682 
3 1977 8656 4856 
3 4440 8773 5853 
3 8042 4357 34 
3 2367 6403 8418 
3 4024 1166 1485 
3 4806 8902 1129 
3 6419 4317 6300 
3 4467 1530 3926 
3 3233 6973 2648 
3 5006 8471 7376 
3 9352 7264 2963 
3 6035 1044 2918 
3 4815 9907 4828 
3 1395 2821 69 
3 187 2076 4163 
3 9011 6244 6500 
3 1252 8250 4521 
3 4017 6065 178 
3 5258 4863 5616 
3 8667 760 4826 
3 9658 8458 4671 
3 7468 1559 9191 
3 7429 7820 3463 
3 6229 514 2688 
3 8505 5419 1783 
3 4076 2055 5136 
3 7567 4715 8970 
3 1037 3504 949 
3 836 8272 9263 
3 133 924 2747 
3 3680 7961 5254 
3 1022 7765 5470 
3 2535 262 934 
3 9412 5036 4140 
3 970 2855 2398 
3 2101 7091 9477 
3 9372 1295 4973 
3 7516 7270 2663 
3 7137 4509 4088 
3 6209 3346 7236 
3 7580 5577 8857 
3 5597 7589 3490 
3 8038 155 9285 
3 2824 5950 3013 
3 1105 8720 7723 
3 9987 254 2822 
3 9757 6 7249 
3 7797 879 4387 
3 8012 2934 9300 
3 9736 211 7848 
3 8577 3941 81 
3 811 321 4605 
3 3007 5530 3613 
3 9235 3809 2531 
3 1322 1413 4763 
3 6601 4247 4388 
3 9640 9242 9725 
3 6396 5053 2915 
3 9308 7796 1633 
3 2002 1819 8707 
3 7537 8512 1203 
3 9455 7578 4323 
3 3795 9602 8645 
3 2907 1057 7640 
3 9167 8487 310 
3 812 4061 7714 
3 2379 4143 5069 
3 374 1953 4781 
3 1169 9931 4959 
3 3723 6761 1510 
3 6240 1371 7767 
3 1493 6561 3819 
3 2269 7238 3414 
3 7398 4313 2788 
3 194 4925 2184 
3 5451 4031 6434 
3 3416 1693 2506 
3 18 5703 8031 
3 8324 2013 7741 
3 1128 9295 296 
3 2320 6103 297 
3 4432 4179 5565 
3 7782 1945 7804 
3 5976 8802 3927 
3 3433 2134 1197 
3 5523 5175 4037 
3 6417 9878 1454 
3 9247 7648 4213 
3 3644 3777 3236 
3 8814 5245 3008 
3 4713 400 7806 
3 1438 4876 6562 
3 7190 437 7609 
3 4205 1366 9001 
3 9177 1245 5806 
3 4963 6337 955 
3 8048 9279 7168 
3 1652 157 3454 
3 3708 5772 4422 
3 7068 4941 5689 
3 4318 7351 6693 
3 4215 1609 3879 
3 4524 3730 5229 
3 7493 7301 5024 
3 8878 5322 2633 
3 3747 8631 9657 
3 3102 9983 5525 
3 8150 4843 7347 
3 3173 298 5910 
3 4924 1556 9647 
3 7550 505 7800 
3 810 2805 5851 
3 1098 4649 5461 
3 1122 8870 4546 
3 2327 4609 9433 
3 2016 4600 2109 
3 9128 7689 2909 
3 7126 9195 8107 
3 995 9473 9520 
3 7058 2493 9626 
3 6745 7646 4362 
3 2957 8869 3390 
3 4517 6270 2971 
3 3646 4381 5242 
3 7619 6281 2583 
3 8668 1705 5705 
3 8723 9102 5493 
3 6571 3584 841 
3 8475 8409 9085 
3 5643 5031 3199 
3 7183 1401 8453 
3 3094 9756 6273 
3 7999 5128 3203 
3 6899 3648 7209 
3 2606 861 2508 
3 917 1036 515 
3 9313 1063 5823 
3 4157 3344 6191 
3 6398 2588 7972 
3 8329 9483 7107 
3 9029 5428 3498 
3 2250 2143 9354 
3 4626 8884 1061 
3 3481 7499 8627 
3 303 2455 5556 
3 5387 4109 1825 
3 9291 638 8412 
3 3100 5726 7112 
3 1170 289 4839 
3 2861 3559 4483 
3 439 8242 4105 
3 5051 8617 4854 
3 1073 4614 3099 
3 4752 5068 8771 
3 4417 2360 6688 
3 5633 4333 4211 
3 2490 5286 9845 
3 2581 1190 2716 
3 3446 2409 8147 
3 960 3612 4075 
3 580 208 7332 
3 6960 2586 4100 
3 4401 3393 7709 
3 7704 2839 5639 
3 4616 3044 3595 
3 721 9766 3765 
3 4694 6620 3392 
3 8589 5872 9720 
3 1896 1720 3649 
3 3063 1806 3704 
3 4659 1912 4282 
3 5339 2284 8429 
3 5711 6654 5863 
3 7879 7164 8246 
3 1442 207 2780 
3 5354 5832 5909 
3 1012 9532 6986 
3 9200 1810 6612 
3 4256 9305 6011 
3 2419 982 6830 
3 53 1433 2543 
3 844 842 4777 
3 4787 8516 6165 
3 72 1919 8219 
3 2475 5653 5619 
3 5921 8712 7023 
3 364 4221 6801 
3 5672 4070 6410 
3 3808 414 7055 
3 7916 5955 4051 
3 9053 7936 4622 
3 1958 8060 8211 
3 3295 5204 9119 
3 152 8167 3577 
3 1981 4117 6221 
3 6058 4999 723 
3 9428 1866 7309 
3 4335 2898 4628 
3 7378 2520 9916 
3 4210 875 3488 
3 4032 6151 6437 
4 5965 7991 9514 3712 
4 7956 651 328 3161 
4 4409 8921 7306 7389 
4 6102 3316 9883 5466 
4 5571 5940 4951 1882 
4 9019 6997 5896 8289 
4 2129 6505 1302 6235 
4 3491 6470 6292 8550 
4 6219 8855 6810 8199 
4 7507 1407 9807 3384 
4 5966 4107 1372 582 
4 8752 9977 2496 2642 
4 5650 4421 490 7003 
4 3250 6546 6860 6698 
4 1463 954 4851 8225 
4 7630 6222 8398 205 
4 3061 8036 9147 2985 
4 6367 5235 3191 3645 
4 5732 3484 769 1340 
4 8291 9764 4535 7885 
4 9043 8494 3106 3323 
4 5323 6231 8559 4603 
4 5626 5959 838 7480 
4 5373 6245 8811 201 
4 7699 9776 1033 5317 
4 200 4402 1763 3135 
4 1872 8268 1406 101 
4 4330 4968 4379 3115 
4 9271 6921 911 8263 
4 7901 5369 2784 8990 
4 1552 5420 5054 5314 
4 5289 1384 6027 2232 
4 4184 263 4129 7850 
4 367 9109 7382 9940 
4 4050 9227 8961 5340 
4 2882 9098 788 3070 
4 1164 2624 7568 5989 
4 3305 2378 9678 1220 
4 6583 2132 366 379 
4 5929 3945 6173 2106 
4 2816 8813 5399 2902 
4 1225 3563 13 6988 
4 8931 8585 2331 5465 
4 5459 7349 9151 5467 
4 1072 2286 7747 5560 
4 9855 6168 4848 2437 
4 9795 5953 7911 3357 
4 5874 8385 1999 1181 
4 9597 3493 3938 8269 
4 4363 7181 9442 2168 
4 974 767 136 6597 
4 5733 309 6215 422 
4 5096 6697 4144 131 
4 3655 9042 3341 2294 
4 5517 4130 851 5215 
4 1656 372 4809 9631 
4 3202 9092 2190 291 
4 3990 6171 3892 9127 
4 2362 691 7246 8950 
4 6809 8804 4217 9954 
4 1820 7169 3869 9643 
4 1088 5656 6008 2553 
4 73 1151 6220 3181 
4 4918 154 6813 1455 
4 6646 4372 6084 7231 
4 5931 7402 7147 9715 
4 5331 554 3706 3907 
4 4946 6901 481 4004 
4 4078 1963 4651 318 
4 3870 7486 232 4216 
4 7781 5773 8594 3828 
4 2267 9988 4030 7132 
4 6853 7528 8783 6538 
4 9007 4697 9106 4582 
4 6021 6869 3009 3995 
4 9847 3436 6037 9004 
4 4574 9851 1081 3897 
4 9641 4049 9301 4348 
4 6663 4771 4820 9407 
4 3211 127 3352 585 
4 9675 4653 7492 9799 
4 2768 5138 5379 6599 
4 3108 9039 4188 1368 
4 6420 8314 1286 3288 
4 8148 4356 8856 9225 
4 860 3217 976 7953 
4 5993 228 2567 5634 
4 6927 474 5837 2389 
4 696 1593 7942 520 
4 2017 495 4903 1025 
4 7318 6715 6377 6163 
4 8030 6495 9296 8903 
4 5157 1768 8325 3748 
4 6247 9666 2616 6900 
4 1714 7478 9620 6840 
4 9103 4165 2863 7385 
4 2198 2374 1594 7155 
4 9827 3165 9609 9003 
4 625 2777 8766 6083 
4 3472 2355 4399 3475 
4 4538 5975 5681 9880 
4 2407 1664 4366 3364 
4 6197 2051 8083 4642 
4 6409 6904 5366 2030 
4 8778 1017 7626 4908 
4 1835 4662 9525 7064 
4 3117 1013 5755 7754 
4 6330 571 8101 241 
4 8758 3722 665 4294 
4 2757 7771 6464 5446 
4 4577 5279 766 3537 
4 7335 1082 5342 8658 
4 2808 3744 4945 3903 
4 5290 9023 1189 5252 
4 9979 7625 5567 4753 
4 1867 7873 216 5067 
4 3189 5032 5919 3755 
4 2394 2776 6278 6772 
4 6370 6777 1444 8803 
4 7370 1067 5374 541 
4 9421 1326 8721 1291 
4 9015 6477 7506 5857 
4 3718 9075 1249 4227 
4 9014 6594 3883 393 
4 8503 3703 5414 2611 
4 160 4135 4754 1321 
4 3285 7937 7984 2646 
4 9822 6695 9425 3760 
4 256 9447 8072 5359 
4 9636 4719 8634 7823 
4 9089 9801 3084 8776 
4 1453 5385 3421 8687 
4 3376 4461 1278 8352 
4 8991 1565 4691 104 
4 7775 5513 8371 2630 
4 7579 2253 3588 7829 
4 8578 3898 9504 3127 
4 3367 4882 3811 9581 
4 5898 1889 3489 5105 
4 355 4345 8742 287 
4 135 9787 1916 4888 
4 2910 6626 8755 6944 
4 7111 857 7217 4624 
4 8513 6858 4838 6132 
4 2661 9393 6108 120 
4 2522 6397 1221 6146 
4 605 2314 1293 6025 
4 1892 5791 9402 304 
4 4644 4125 4021 2201 
4 4263 8125 6492 8569 
4 8463 8584 2521 889 
4 8255 517 8267 5121 
4 1356 2069 2620 5439 
4 1306 2351 3509 4237 
4 4099 7287 5464 1138 
4 5977 11 5109 2838 
4 3011 8035 5917 2236 
4 7779 4599 2744 4573 
4 5363 5159 5886 4536 
4 1798 4570 8046 6536 
4 419 1900 1642 1671 
4 2835 9338 1492 9522 
4 5278 1247 9002 3207 
4 9319 4917 1006 828 
4 7518 7253 2656 3339 
4 8495 100 1412 9605 
4 7588 1232 1926 1653 
4 1005 5433 2576 1096 
4 9980 1964 6747 8839 
4 1427 48 9909 1574 
4 4332 9648 8886 5774 
4 635 9535 8002 4952 
4 4248 106 1643 3066 
4 5782 1918 569 709 
4 6453 3144 3471 5578 
4 9461 7303 5213 2316 
4 1766 3779 3856 1601 
4 7997 3266 8718 3542 
4 1373 6984 2169 5426 
4 6567 6016 8389 3780 
4 9212 726 478 1155 
4 5008 8073 3000 728 
4 3906 2014 8437 7600 
4 2700 2959 7189 2088 
4 4025 275 8892 2502 
4 9024 5552 3922 7821 
4 6793 1230 426 500 
4 4098 3139 9438 492 
4 1625 1539 4046 4744 
4 4693 4987 454 1537 
4 1437 933 6275 7893 
4 786 6138 3858 7855 
4 5427 8762 4121 158 
4 4365 5608 4182 9562 
4 7202 6372 2825 3541 
4 3658 1728 8980 4011 
4 7050 1879 7674 1534 
4 6674 8174 1435 4758 
4 6671 6638 8728 4369 
4 1753 8703 2180 8933 
4 307 888 116 173 
4 9049 4630 6662 6690 
4 2571 3308 1925 8394 
4 5885 9841 7177 6175 
4 9728 9116 3425 7729 
4 1654 24 6778 8962 
4 7010 1779 1439 1265 
4 7692 7569 1213 4637 
4 7532 212 3916 1635 
4 1788 4780 1007 6167 
4 6964 227 4674 2713 
4 9806 4919 6909 146 
4 1008 5521 1703 3814 
4 7297 7103 3365 3468 
4 7412 3657 4982 3149 
4 6677 3497 2421 2318 
4 9108 7230 699 6941 
4 7890 2540 4349 5676 
4 2892 3452 9450 3058 
4 7359 3508 3878 6152 
4 8989 4541 1773 1692 
4 2164 8317 8085 4571 
4 1755 3569 2826 9217 
4 4267 6501 8583 2675 
4 8328 5543 8618 7785 
4 5722 8515 153 3120 
4 1241 6924 990 9174 
4 642 306 6987 2163 
4 761 8805 3150 6819 
4 1462 1723 317 6044 
4 2239 8303 5537 8142 
4 6676 7634 8446 673 
4 6834 6218 8008 7326 
4 7799 7487 7777 7695 
4 4902 3935 5915 5515 
4 613 1640 6359 8343 
4 736 9383 724 9406 
4 2679 6468 9429 3516 
4 9311 3653 9854 8294 
4 9704 2885 2010 2366 
4 1832 8959 7325 1090 
4 8134 2662 5746 8774 
4 2442 4447 9063 5607 
4 2228 4594 4029 8750 
4 183 8009 5642 5367 
4 2240 2370 5583 8491 
4 6852 3353 1564 8392 
4 5841 3740 8560 1109 
4 2993 8638 5179 1386 
4 3983 7986 3529 4451 
4 3951 8598 8216 9921 
4 9248 4746 8406 4083 
4 6738 4022 9546 3973 
4 3148 3594 693 7268 
4 6136 6831 8579 6024 
4 3659 2771 4885 9783 
4 9679 5135 2492 3999 
4 1696 1140 7561 4505 
4 599 5394 8415 7178 
4 8068 5343 6903 4827 
4 346 3600 8210 7621 
4 6596 2914 8265 6077 
4 6334 1759 2756 3026 
4 1450 233 7048 4241 
4 361 6568 5326 5074 
4 3069 4138 713 7651 
4 1323 6131 9784 8183 
4 6478 3332 168 5059 
4 1496 3461 4378 2911 
4 359 9424 6906 6691 
4 9925 1993 1471 2598 
4 5462 2494 6148 6734 
4 1031 6232 7317 9072 
4 8523 5662 5724 5225 
4 80 5029 8486 4225 
4 5891 8982 4069 8754 
4 558 1180 6255 2752 
4 9084 4009 7686 5810 
4 5553 9688 4920 5226 
4 664 8364 9774 7511 
4 877 1271 7474 9392 
4 3656 9045 8784 894 
4 8380 2266 5954 3166 
4 3001 3138 9544 7330 
4 4398 9435 3271 7529 
4 1184 9765 8488 2782 
4 7407 5456 8321 8746 
4 8473 5701 747 1160 
4 711 8586 775 2894 
4 7562 1676 3158 2459 
4 5723 2880 6140 5590 
4 1448 5043 1922 4066 
4 7556 2170 1394 9700 
4 7024 9521 6482 5589 
4 8410 5981 9005 7061 
4 7130 5680 2423 8021 
4 5949 1208 8247 3621 
4 2120 8790 1610 5817 
4 631 43 2414 3610 
4 1367 5376 4473 7732 
4 8524 9779 5572 4625 
4 5860 3370 1616 6821 
4 4935 9733 6427 8544 
4 373 854 3387 5498 
4 1465 6879 3494 7388 
4 9492 3756 7039 2457 
4 7134 3743 1911 1188 
4 5717 7123 8785 5424 
4 1612 9325 552 5422 
4 1327 7943 2282 7311 
4 6673 6491 5611 5748 
4 7757 4479 5973 9724 
4 9469 8772 9689 7467 
4 7841 4961 365 3774 
4 1418 3952 2976 6266 
4 706 4311 8649 3333 
4 5908 9494 6980 6405 
4 1924 3547 5548 5122 
4 9834 2558 8285 6085 
4 2552 7575 9812 50 
4 9275 2728 5514 6985 
4 4774 5598 8909 3967 
4 7036 1638 6286 6593 
4 4367 7697 5990 4868 
4 5540 9946 4460 4557 
4 2714 4770 3121 4620 
4 1857 9350 2001 667 
4 557 8109 1939 7661 
4 7026 9309 1655 6213 
4 1734 2532 1250 816 
4 2729 86 5991 3176 
4 7899 6388 907 977 
4 8606 475 793 9554 
4 6564 1003 5280 8837 
4 1661 2324 8973 5568 
4 8767 7652 7374 7684 
4 7982 6000 3929 142 
4 8120 3535 5888 6513 
4 1377 4002 632 2447 
4 9340 352 6781 5219 
4 9113 5811 2073 1387 
4 4618 4837 1391 7618 
4 464 9155 8988 7357 
4 4576 7119 4695 2155 
4 2453 7680 1139 3972 
4 6277 9553 7180 5631 
4 5587 2440 6653 6966 
4 735 30 1325 9121 
4 575 540 4115 3320 
4 6890 9373 3037 2474 
4 5320 1666 6104 9283 
4 8602 5148 6067 429 
4 3083 7262 9903 2935 
4 451 611 107 8476 
4 1735 6048 6790 44 
4 2181 5088 6386 2059 
4 2151 778 1339 9086 
4 1191 7671 4239 700 
4 578 9069 9932 147 
4 7109 2420 3372 2542 
4 4445 9894 3399 1875 
4 4062 9123 3829 7022 
4 4405 5591 9057 2381 
4 3349 2602 3241 8327 
4 969 1784 3382 752 
4 1579 7348 9317 9892 
4 6005 2165 1532 4675 
4 573 7660 9087 8461 
4 6814 5168 991 5760 
4 9915 4743 6603 7803 
4 9096 7944 3231 5423 
4 1940 9436 2781 1549 
4 466 4164 3688 4670 
4 1299 4123 3220 781 
4 4191 4950 3636 90 
4 7971 9480 9171 8732 
4 4375 5900 7117 1136 
4 3689 3447 7957 7279 
4 4821 6006 8110 8067 
4 3876 8865 9038 7025 
4 2564 9490 562 6354 
4 2903 4395 6223 6783 
4 2356 624 1626 4554 
4 543 3826 8647 7371 
4 681 5106 863 7243 
4 9622 9411 9739 3571 
4 8929 6425 1292 7627 
4 9585 7208 5740 701 
4 7523 4929 118 8952 
4 1913 9423 7275 7538 
4 9345 6356 8128 5411 
4 525 9040 1546 8799 
4 356 3871 9145 4224 
4 9563 1620 2461 5055 
4 3670 6066 3604 8146 
4 6510 9819 9060 563 
4 3771 5754 4663 5671 
4 9009 7698 5725 2298 
4 6750 686 4703 2525 
4 3830 338 6019 5992 
4 5455 1093 8958 2077 
4 8905 368 8427 1361 
4 6838 5119 7662 7792 
4 5895 9478 2000 5178 
4 279 5434 7379 5027 
4 3005 6965 867 6009 
4 9746 8351 3180 9179 
4 560 9635 8430 6106 
4 1429 4804 4174 7037 
4 2967 6166 780 9093 
4 697 5163 5819 8834 
4 3437 6728 129 8356 
4 1422 757 4485 6439 
4 7875 5862 7361 4015 
4 5600 946 7059 5512 
4 4456 7894 885 8144 
4 7140 5641 3619 220 
4 3118 5961 351 3617 
4 9673 9974 7210 7106 
4 9418 6435 7886 817 
4 6609 49 5741 3783 
4 7002 7862 2584 6570 
4 1765 2681 7498 4108 
4 9153 3873 6358 518 
4 5458 2150 1541 8282 
4 3119 1838 9506 3326 
4 9885 2595 5881 1568 
4 9578 671 7610 1355 
4 9184 5086 7733 272 
4 8264 488 6727 1778 
4 8871 8320 5825 8510 
4 1598 1657 1147 8666 
4 6730 6436 6826 4285 
4 8315 411 2418 2448 
4 5519 1805 5429 1873 
4 58 1212 8519 6064 
4 9732 3911 7320 1094 
4 2279 5299 8581 1893 
4 5978 8753 9391 9711 
4 479 3038 4891 5101 
4 7844 6440 2209 647 
4 4608 8069 3679 5127 
4 8485 1431 4705 779 
4 3849 4493 4773 324 
4 4893 1199 6560 3599 
4 6630 5033 7072 9897 
4 6090 1942 2019 4798 
4 7135 2538 3775 3276 
4 2333 6314 2024 7900 
4 6451 3844 3616 2214 
4 5146 7481 4307 9898 
4 1849 3971 3812 3533 
4 8847 7093 9737 5206 
4 1457 3501 9437 809 
4 6200 6249 4419 8866 
4 546 2667 5283 1747 
4 1076 5130 9713 5483 
4 8084 2972 2786 283 
4 4152 9913 4769 5828 
4 7946 2311 1737 3261 
4 415 5011 9652 7794 
4 5784 940 9165 2212 
4 2759 412 3583 4654 
4 2599 42 7100 3568 
4 5356 910 9879 510 
4 1019 3379 2589 5308 
4 4796 8854 9586 6945 
4 4650 9969 4762 3254 
4 6789 125 8685 7917 
4 3867 7738 2891 3440 
4 6943 1251 2916 6592 
4 7533 341 9646 821 
4 7188 9396 7047 855 
4 9449 6523 1041 7778 
4 615 6616 5351 9378 
4 4578 6063 8496 5899 
4 2491 9665 7939 7167 
4 1470 6342 1622 9982 
4 7832 3418 1904 8654 
4 7761 8079 432 8920 
4 9871 7812 2473 3848 
4 6918 8013 2313 2196 
4 943 4446 1521 3075 
4 2087 4244 4001 5788 
4 2829 1116 6428 4895 
4 7945 9056 4013 395 
4 6782 2105 5651 6739 
4 5645 2068 4641 7080 
4 5348 6160 6949 7672 
4 1920 7822 7503 9140 
4 1328 6829 950 3735 
4 2133 1558 7446 8456 
4 3043 384 1525 8872 
4 1990 4431 6896 4747 
4 8508 7358 8974 2650 
4 7469 269 3986 4463 
4 9951 765 2171 1809 
4 5969 4584 2654 8401 
4 2288 1414 7013 987 
4 2864 9802 782 3334 
4 1145 988 4035 8017 
4 1871 5614 6344 1818 
4 1338 172 2361 342 
4 9587 6587 5298 1276 
4 4104 3419 4725 5425 
4 9895 1070 1423 6939 
4 1905 5421 6990 5868 
4 8403 4128 7138 956 
4 6799 8162 3289 3611 
4 278 6718 4884 1125 
4 1647 6999 2592 8684 
4 7 2470 6522 4755 
4 1646 4167 3606 399 
4 5260 948 5231 9718 
4 9968 390 7415 6812 
4 3270 5050 3575 1379 
4 9808 4465 1055 7552 
4 1743 1997 1393 3068 
4 6956 9772 6702 6574 
4 7694 7191 1243 6806 
4 5504 9768 4289 2783 
4 2186 597 1077 7315 
4 3047 608 2519 6101 
4 3639 6835 7483 9277 
4 6320 7658 1648 9134 
4 7541 8052 6395 7721 
4 7462 5854 4822 6832 
4 2726 6296 3464 4583 
4 4567 8700 9434 7923 
4 2112 7115 7009 7076 
4 5349 7574 4555 8942 
4 1710 8344 3465 7032 
4 3754 734 8984 9499 
4 5145 1137 5674 8467 
4 6928 3996 6752 6605 
4 1000 5149 9321 3987 
4 4502 3428 881 1474 
4 6936 3025 8231 8116 
4 9356 795 7288 6989 
4 2436 4807 8439 7053 
4 4801 4464 1040 3274 
4 2568 8326 5143 7598 
4 6848 2881 4304 8373 
4 1561 7554 5962 4353 
4 7121 5569 2672 5346 
4 4967 6647 4957 4847 
4 2392 2399 3534 9355 
4 4449 5797 2481 2037 
4 5809 3549 3717 3360 
4 5694 5018 5566 4169 
4 5592 5187 4136 6368 
4 6741 8477 8731 7224 
4 5000 1851 7118 2936 
4 292 9550 5058 8236 
4 509 2403 1584 4764 
4 5844 7834 8166 9639 
4 1976 6217 4234 7840 
4 637 9099 4678 3816 
4 2213 744 9228 2057 
4 9365 4879 2007 6679 
4 8669 650 6234 8271 
4 629 5457 6004 1277 
4 2608 1816 2930 3731 
4 4305 5294 7702 435 
4 4052 964 4940 7151 
4 1150 1736 6627 6954 
4 7854 8232 1790 3726 
4 7340 8838 5152 9214 
4 4844 6934 623 3187 
4 4992 2278 1390 63 
4 7727 3751 1313 2206 
4 5691 7067 8493 5542 
4 5696 3315 2 4079 
4 5509 3178 4553 5601 
4 6795 7455 2643 3590 
4 2498 6424 2764 9986 
4 3832 3368 4198 4560 
4 1681 1840 5967 3690 
4 3235 4928 5576 754 
4 7298 7896 551 7965 
4 8062 7930 2988 195 
4 9993 5333 1408 1682 
4 4153 6873 4172 8630 
4 7424 4214 1272 7285 
4 5501 6316 7265 6143 
